<?xml version="1.0" encoding="UTF-8"?>
<testsuite xmlns:xsi="http://www.w3.org/2001/XMLSchema-instance" xsi:noNamespaceSchemaLocation="https://maven.apache.org/surefire/maven-surefire-plugin/xsd/surefire-test-report.xsd" name="com.richardpanman.AppTest" time="0.11" tests="1" errors="0" skipped="0" failures="0">
  <properties>
    <property name="java.specification.version" value="17"/>
    <property name="sun.cpu.isalist" value="amd64"/>
    <property name="sun.jnu.encoding" value="Cp1252"/>
    <property name="java.class.path" value="C:\Users\etlrdpn\OneDrive - Ericsson AB\Desktop\Coding\java\playing\target\test-classes;C:\Users\etlrdpn\OneDrive - Ericsson AB\Desktop\Coding\java\playing\target\classes;C:\Users\etlrdpn\.m2\repository\junit\junit\4.11\junit-4.11.jar;C:\Users\etlrdpn\.m2\repository\org\hamcrest\hamcrest-core\1.3\hamcrest-core-1.3.jar;"/>
    <property name="java.vm.vendor" value="Oracle Corporation"/>
    <property name="sun.arch.data.model" value="64"/>
    <property name="user.variant" value=""/>
    <property name="java.vendor.url" value="https://java.oracle.com/"/>
    <property name="user.timezone" value="Europe/London"/>
    <property name="os.name" value="Windows 10"/>
    <property name="java.vm.specification.version" value="17"/>
    <property name="sun.java.launcher" value="SUN_STANDARD"/>
    <property name="user.country" value="GB"/>
    <property name="sun.boot.library.path" value="C:\JAVA\openjdk\jdk-17\bin"/>
    <property name="sun.java.command" value="C:\Users\etlrdpn\AppData\Local\Temp\surefire13813056368716996689\surefirebooter7385136894119802318.jar C:\Users\etlrdpn\AppData\Local\Temp\surefire13813056368716996689 2021-11-18T13-07-36_322-jvmRun1 surefire7494193408563922199tmp surefire_02281850654141487559tmp"/>
    <property name="jdk.debug" value="release"/>
    <property name="surefire.test.class.path" value="C:\Users\etlrdpn\OneDrive - Ericsson AB\Desktop\Coding\java\playing\target\test-classes;C:\Users\etlrdpn\OneDrive - Ericsson AB\Desktop\Coding\java\playing\target\classes;C:\Users\etlrdpn\.m2\repository\junit\junit\4.11\junit-4.11.jar;C:\Users\etlrdpn\.m2\repository\org\hamcrest\hamcrest-core\1.3\hamcrest-core-1.3.jar;"/>
    <property name="sun.cpu.endian" value="little"/>
    <property name="user.home" value="C:\Users\etlrdpn"/>
    <property name="user.language" value="en"/>
    <property name="java.specification.vendor" value="Oracle Corporation"/>
    <property name="java.version.date" value="2021-09-14"/>
    <property name="java.home" value="C:\JAVA\openjdk\jdk-17"/>
    <property name="file.separator" value="\"/>
    <property name="basedir" value="C:\Users\etlrdpn\OneDrive - Ericsson AB\Desktop\Coding\java\playing"/>
    <property name="java.vm.compressedOopsMode" value="Zero based"/>
    <property name="line.separator" value="&#10;"/>
    <property name="java.vm.specification.vendor" value="Oracle Corporation"/>
    <property name="java.specification.name" value="Java Platform API Specification"/>
    <property name="surefire.real.class.path" value="C:\Users\etlrdpn\AppData\Local\Temp\surefire13813056368716996689\surefirebooter7385136894119802318.jar"/>
    <property name="user.script" value=""/>
    <property name="sun.management.compiler" value="HotSpot 64-Bit Tiered Compilers"/>
    <property name="java.runtime.version" value="17+35-2724"/>
    <property name="user.name" value="etlrdpn"/>
    <property name="path.separator" value=";"/>
    <property name="os.version" value="10.0"/>
    <property name="java.runtime.name" value="OpenJDK Runtime Environment"/>
    <property name="file.encoding" value="Cp1252"/>
    <property name="java.vm.name" value="OpenJDK 64-Bit Server VM"/>
    <property name="localRepository" value="C:\Users\etlrdpn\.m2\repository"/>
    <property name="java.vendor.url.bug" value="https://bugreport.java.com/bugreport/"/>
    <property name="java.io.tmpdir" value="C:\Users\etlrdpn\AppData\Local\Temp\"/>
    <property name="java.version" value="17"/>
    <property name="user.dir" value="C:\Users\etlrdpn\OneDrive - Ericsson AB\Desktop\Coding\java\playing"/>
    <property name="os.arch" value="amd64"/>
    <property name="java.vm.specification.name" value="Java Virtual Machine Specification"/>
    <property name="sun.os.patch.level" value=""/>
    <property name="native.encoding" value="Cp1252"/>
    <property name="java.library.path" value="C:\JAVA\openjdk\jdk-17\bin;C:\WINDOWS\Sun\Java\bin;C:\WINDOWS\system32;C:\WINDOWS;C:\ProgramData\Oracle\Java\javapath;C:\WINDOWS\system32;C:\WINDOWS;C:\WINDOWS\System32\Wbem;C:\WINDOWS\System32\WindowsPowerShell\v1.0\;C:\Program Files\PuTTY\;C:\Users\etlrdpn\AppData\Local\Programs\Python\Python37\Scripts\;C:\Users\etlrdpn\AppData\Local\Programs\Python\Python37\;C:\Users\etlrdpn\AppData\Local\Microsoft\WindowsApps;C:\Users\etlrdpn\AppData\Local\Programs\Microsoft VS Code\bin;C:\Users\etlrdpn\AppData\Local\Google\Cloud SDK\google-cloud-sdk\bin;C:\minikube\;C:\ProgramData\chocolatey\bin;C:\Program Files\Intel\WiFi\bin\;C:\Program Files\Common Files\Intel\WirelessCommon\;C:\WINDOWS\system32\config\systemprofile\AppData\Local\Microsoft\WindowsApps;C:\Program Files (x86)\Adaptiva\AdaptivaClient\bin\x32;C:\Program Files (x86)\Adaptiva\AdaptivaClient\bin\x64;C:\Program Files (x86)\OpenText\Viewer\bin;C:\Program Files\nodejs\;C:\HashiCorp\Vagrant\bin;C:\WINDOWS\system32;C:\WINDOWS;C:\WINDOWS\System32\Wbem;C:\WINDOWS\System32\WindowsPowerShell\v1.0\;C:\WINDOWS\System32\OpenSSH\;C:\Program Files\Docker\Docker\resources\bin;C:\ProgramData\DockerDesktop\version-bin;C:\Program Files\Microsoft VS Code\bin;C:\JAVA\openjdk\jdk-17\bin;C:\Users\etlrdpn\AppData\Local\Programs\Python\Python39\Scripts\;C:\Users\etlrdpn\AppData\Local\Programs\Python\Python39\;C:\Users\etlrdpn\AppData\Local\Programs\Python\Launcher\;C:\Ruby27-x64\bin;C:\Users\etlrdpn\AppData\Local\Programs\Python\Python37\Scripts\;C:\Users\etlrdpn\AppData\Local\Programs\Python\Python37\;C:\ProgramData\Oracle\Java\javapath;C:\WINDOWS\system32;C:\WINDOWS;C:\WINDOWS\System32\Wbem;C:\WINDOWS\System32\WindowsPowerShell\v1.0\;C:\Program Files\PuTTY\;C:\Program Files\Git\cmd;C:\Users\etlrdpn\AppData\Local\Microsoft\WindowsApps;C:\Users\etlrdpn\AppData\Local\Google\Cloud SDK\google-cloud-sdk\bin;/m;C:\Program Files\Oracle\VirtualBox\;C:\Users\etlrdpn\AppData\Roaming\npm;c:\users\etlrdpn\appdata\roaming\python\python37\scripts\;C:\Users\etlrdpn\AppData\Local\Microsoft\WindowsApps;C:\Program Files\GTK3-Runtime Win64\bin;C:\Program Files\GTK3-Runtime Win64\lib;C:\cloudflared;C:\Program Files\apache-maven-3.8.3\bin;;."/>
    <property name="java.vm.info" value="mixed mode, sharing"/>
    <property name="java.vendor" value="Oracle Corporation"/>
    <property name="java.vm.version" value="17+35-2724"/>
    <property name="sun.io.unicode.encoding" value="UnicodeLittle"/>
    <property name="java.class.version" value="61.0"/>
  </properties>
  <testcase name="shouldAnswerWithTrue" classname="com.richardpanman.AppTest" time="0"/>
</testsuite>